12:26:58.285 INFO [GridLauncherV3.parse] - Selenium server version: 3.141.5, revision: d54ebd709a
12:26:58.364 INFO [GridLauncherV3.lambda$buildLaunchers$3] - Launching a standalone Selenium Server on port 4444
2019-07-31 12:26:58.406:INFO::main: Logging initialized @322ms to org.seleniumhq.jetty9.util.log.StdErrLog
12:26:58.607 INFO [WebDriverServlet.<init>] - Initialising WebDriverServlet
12:26:58.680 INFO [SeleniumServer.boot] - Selenium Server is up and running on port 4444
12:26:58.900 INFO [ActiveSessionFactory.apply] - Capabilities are: {
  "acceptSslCerts": true,
  "browserName": "chrome",
  "chromeOptions": {
    "w3c": false,
    "args": [
      "--headless"
    ]
  },
  "javascriptEnabled": true,
  "name": "Reasearch On Google Test"
}
12:26:58.902 INFO [ActiveSessionFactory.lambda$apply$11] - Matched factory org.openqa.selenium.grid.session.remote.ServicedSession$Factory (provider: org.openqa.selenium.chrome.ChromeDriverService)
Starting ChromeDriver 75.0.3770.90 (a6dcaf7e3ec6f70a194cc25e8149475c6590e025-refs/branch-heads/3770@{#1003}) on port 31284
Only local connections are allowed.
Please protect ports used by ChromeDriver and related test frameworks to prevent access by malicious code.
12:26:59.409 INFO [ProtocolHandshake.createSession] - Detected dialect: OSS
12:26:59.672 INFO [RemoteSession$Factory.lambda$performHandshake$0] - Started new session 9e036a05c6a615ede2ae542c682bcc34 (org.openqa.selenium.chrome.ChromeDriverService)
12:27:03.773 INFO [ActiveSessions$1.onStop] - Removing session 9e036a05c6a615ede2ae542c682bcc34 (org.openqa.selenium.chrome.ChromeDriverService)
